<?xml version="1.0" encoding="UTF-8"?>
<testsuite xmlns:xsi="http://www.w3.org/2001/XMLSchema-instance" xsi:noNamespaceSchemaLocation="https://maven.apache.org/surefire/maven-surefire-plugin/xsd/surefire-test-report.xsd" name="XMLAnalyzer.controller.MockTest" time="1.87" tests="3" errors="0" skipped="0" failures="0">
  <properties>
[...]
</properties>
  <testcase name="testSimplePosts" classname="XMLAnalyzer.controller.MockTest" time="0.437"/>
  <testcase name="testEmptyPosts" classname="XMLAnalyzer.controller.MockTest" time="0.069"/>
  <testcase name="testWrongUrl" classname="XMLAnalyzer.controller.MockTest" time="0.005"/>
</testsuite>